#
# A fatal error has been detected by the Java Runtime Environment:
#
#  SIGBUS (0xa) at pc=0x00007ff806f2cab0, pid=96261, tid=0x0000000000001003
#
# JRE version: Java(TM) SE Runtime Environment (8.0_144-b01) (build 1.8.0_144-b01)
# Java VM: Java HotSpot(TM) 64-Bit Server VM (25.144-b01 mixed mode bsd-amd64 compressed oops)
# Problematic frame:
# C  [libsystem_platform.dylib+0xab0]  _platform_memmove$VARIANT$Haswell+0xf0
#
# Failed to write core dump. Core dumps have been disabled. To enable core dumping, try "ulimit -c unlimited" before starting Java again
#
# If you would like to submit a bug report, please visit:
#   http://bugreport.java.com/bugreport/crash.jsp
#

---------------  T H R E A D  ---------------

Current thread (0x00007fbc6081b000):  JavaThread "main" [_thread_in_vm, id=4099, stack(0x000070000cf58000,0x000070000d058000)]

siginfo: si_signo: 10 (SIGBUS), si_code: 2 (BUS_ADRERR), si_addr: 0x000000012af90058

Registers:
RAX=0x000000076cddecb8, RBX=0x0000000000000010, RCX=0x000000012af90058, RDX=0x00000000000000fb
RSP=0x000070000d056d60, RBP=0x000070000d056d60, RSI=0x000000012af90058, RDI=0x000000076cddecb8
R8 =0x00000007c00007a8, R9 =0x0000000000000010, R10=0x0000000110907827, R11=0x0000000641e4ec60
R12=0x0000000000000000, R13=0x00007fbc6081b000, R14=0x000070000d056df0, R15=0x000000012af90058
RIP=0x00007ff806f2cab0, EFLAGS=0x0000000000010283, ERR=0x0000000000000004
  TRAPNO=0x000000000000000e

Top of Stack: (sp=0x000070000d056d60)
0x000070000d056d60:   000070000d056d70 000000010f8ec94b
0x000070000d056d70:   000070000d056dc0 000000010fc89a71
0x000070000d056d80:   00000001288cddb0 00007fbc6081b000
0x000070000d056d90:   00007fbc6081b000 00000000000000fb
0x000070000d056da0:   0000000000000000 0000000128a4a948
0x000070000d056db0:   0000000000000719 00007fbc6081b000
0x000070000d056dc0:   000070000d056e10 00000001109078a1
0x000070000d056dd0:   00000000000000fb 000000076ab089a0
0x000070000d056de0:   0000000000000000 00007fbc5f822c80
0x000070000d056df0:   000000076cddeca8 00000007c0092a80
0x000070000d056e00:   000070000d056e20 000000010fb7506e
0x000070000d056e10:   000070000d057168 000000011090733c
0x000070000d056e20:   000070000d056e40 000000010fb7506e
0x000070000d056e30:   000070000d056ea8 000070000d056ec8
0x000070000d056e40:   000070000d056e70 000000010fc077aa
0x000070000d056e50:   000070000d056ec8 000070000d056ec0
0x000070000d056e60:   000070000d056ec0 00007fbc5f822c80
0x000070000d056e70:   00000000000000fb 0000000000000010
0x000070000d056e80:   000000012af90058 00000000000000fb
0x000070000d056e90:   000000076cddeca8 0000000000000000
0x000070000d056ea0:   0000000000000010 0000000000000001
0x000070000d056eb0:   000070000d057168 000000011090f8c4
0x000070000d056ec0:   000000010ff1ad50 00007fbc5f822c80
0x000070000d056ed0:   0000000000000008 000001000000000a
0x000070000d056ee0:   000070000d056fd8 0000000128a04198
0x000070000d056ef0:   000070000d056f10 000000010f8f968e
0x000070000d056f00:   0000000000000003 0000000000000003
0x000070000d056f10:   000070000d057160 000000010f9eef98
0x000070000d056f20:   00007fbc6081b000 0000000128906f90
0x000070000d056f30:   0000600000b90100 000000b90d057188
0x000070000d056f40:   0000000128a0455a 000000fb00000000
0x000070000d056f50:   000000076bde9ec8 00087f9300000058 

Instructions: (pc=0x00007ff806f2cab0)
0x00007ff806f2ca90:   42 8a 4c 06 01 42 88 4c 07 01 49 83 c0 02 48 83
0x00007ff806f2caa0:   ea 01 75 de 5d c3 66 2e 0f 1f 84 00 00 00 00 00
0x00007ff806f2cab0:   c5 fc 10 06 48 83 c7 20 48 83 e7 e0 48 89 f9 48
0x00007ff806f2cac0:   29 c1 48 01 ce 48 29 ca c5 fc 10 0e c5 fc 11 00 

Register to memory mapping:

RAX=0x000000076cddecb8 is an oop
